# JRE version: Java(TM) SE Runtime Environment (21.0.3+7) (build 21.0.3+7-LTS-152)
# Java VM: Java HotSpot(TM) 64-Bit Server VM (21.0.3+7-LTS-152, mixed mode, sharing, tiered, compressed oops, compressed class ptrs, g1 gc, windows-amd64)
GC Precious Log:
 CardTable entry size: 512
 Card Set container configuration: InlinePtr #cards 5 size 8 Array Of Cards #cards 12 size 40 Howl #buckets 4 coarsen threshold 1843 Howl Bitmap #cards 512 size 80 coarsen threshold 460 Card regions per heap region 1 cards per card region 2048
 CPUs: 4 total, 4 available
 Memory: 16327M
 Large Page Support: Disabled
 NUMA Support: Disabled
 Compressed Oops: Enabled (32-bit)
 Heap Region Size: 1M
 Heap Min Capacity: 256M
 Heap Initial Capacity: 256M
 Heap Max Capacity: 512M
 Pre-touch: Disabled
 Parallel Workers: 4
 Concurrent Workers: 1
 Concurrent Refinement Workers: 4
 Periodic GC: Disabled
Heap:
 garbage-first heap   total 262144K, used 67072K [0x00000000e0000000, 0x0000000100000000)
  region size 1024K, 32 young (32768K), 16 survivors (16384K)
 Metaspace       used 59382K, committed 61248K, reserved 393216K
  class space    used 8516K, committed 9472K, reserved 327680K
GC Heap History (18 events):
Event: 0.379 GC heap before
{Heap before GC invocations=0 (full 0):
 garbage-first heap   total 262144K, used 13312K [0x00000000e0000000, 0x0000000100000000)
  region size 1024K, 13 young (13312K), 0 survivors (0K)
 Metaspace       used 863K, committed 1024K, reserved 393216K
  class space    used 72K, committed 128K, reserved 327680K
}
Event: 0.381 GC heap after
{Heap after GC invocations=1 (full 0):
 garbage-first heap   total 262144K, used 2001K [0x00000000e0000000, 0x0000000100000000)
  region size 1024K, 2 young (2048K), 2 survivors (2048K)
 Metaspace       used 863K, committed 1024K, reserved 393216K
  class space    used 72K, committed 128K, reserved 327680K
}
Event: 0.889 GC heap before
{Heap before GC invocations=1 (full 0):
 garbage-first heap   total 262144K, used 22481K [0x00000000e0000000, 0x0000000100000000)
  region size 1024K, 19 young (19456K), 2 survivors (2048K)
 Metaspace       used 3455K, committed 3648K, reserved 393216K
  class space    used 436K, committed 512K, reserved 327680K
}
Event: 0.894 GC heap after
{Heap after GC invocations=2 (full 0):
 garbage-first heap   total 262144K, used 11489K [0x00000000e0000000, 0x0000000100000000)
  region size 1024K, 3 young (3072K), 3 survivors (3072K)
 Metaspace       used 3455K, committed 3648K, reserved 393216K
  class space    used 436K, committed 512K, reserved 327680K
}
Event: 3.406 GC heap before
{Heap before GC invocations=2 (full 0):
 garbage-first heap   total 262144K, used 147681K [0x00000000e0000000, 0x0000000100000000)
  region size 1024K, 136 young (139264K), 3 survivors (3072K)
 Metaspace       used 20810K, committed 21504K, reserved 393216K
  class space    used 3014K, committed 3328K, reserved 327680K
}
Event: 3.424 GC heap after
{Heap after GC invocations=3 (full 0):
 garbage-first heap   total 262144K, used 24324K [0x00000000e0000000, 0x0000000100000000)
  region size 1024K, 15 young (15360K), 15 survivors (15360K)
 Metaspace       used 20810K, committed 21504K, reserved 393216K
  class space    used 3014K, committed 3328K, reserved 327680K
}
Event: 6.311 GC heap before
{Heap before GC invocations=4 (full 0):
 garbage-first heap   total 262144K, used 102148K [0x00000000e0000000, 0x0000000100000000)
  region size 1024K, 92 young (94208K), 15 survivors (15360K)
 Metaspace       used 31685K, committed 32896K, reserved 393216K
  class space    used 4727K, committed 5312K, reserved 327680K
}
Event: 6.326 GC heap after
{Heap after GC invocations=5 (full 0):
 garbage-first heap   total 262144K, used 29525K [0x00000000e0000000, 0x0000000100000000)
  region size 1024K, 5 young (5120K), 5 survivors (5120K)
 Metaspace       used 31685K, committed 32896K, reserved 393216K
  class space    used 4727K, committed 5312K, reserved 327680K
}
Event: 6.472 GC heap before
{Heap before GC invocations=5 (full 0):
 garbage-first heap   total 262144K, used 38741K [0x00000000e0000000, 0x0000000100000000)
  region size 1024K, 16 young (16384K), 5 survivors (5120K)
 Metaspace       used 34803K, committed 35968K, reserved 393216K
  class space    used 5048K, committed 5632K, reserved 327680K
}
Event: 6.477 GC heap after
{Heap after GC invocations=6 (full 0):
 garbage-first heap   total 262144K, used 31213K [0x00000000e0000000, 0x0000000100000000)
  region size 1024K, 7 young (7168K), 7 survivors (7168K)
 Metaspace       used 34803K, committed 35968K, reserved 393216K
  class space    used 5048K, committed 5632K, reserved 327680K
}
Event: 6.504 GC heap before
{Heap before GC invocations=6 (full 0):
 garbage-first heap   total 262144K, used 32237K [0x00000000e0000000, 0x0000000100000000)
  region size 1024K, 10 young (10240K), 7 survivors (7168K)
 Metaspace       used 35107K, committed 36288K, reserved 393216K
  class space    used 5082K, committed 5696K, reserved 327680K
}
Event: 6.510 GC heap after
{Heap after GC invocations=7 (full 0):
 garbage-first heap   total 262144K, used 33260K [0x00000000e0000000, 0x0000000100000000)
  region size 1024K, 9 young (9216K), 9 survivors (9216K)
 Metaspace       used 35107K, committed 36288K, reserved 393216K
  class space    used 5082K, committed 5696K, reserved 327680K
}
Event: 7.551 GC heap before
{Heap before GC invocations=8 (full 0):
 garbage-first heap   total 262144K, used 120300K [0x00000000e0000000, 0x0000000100000000)
  region size 1024K, 90 young (92160K), 9 survivors (9216K)
 Metaspace       used 40355K, committed 41600K, reserved 393216K
  class space    used 5764K, committed 6336K, reserved 327680K
}
Event: 7.567 GC heap after
{Heap after GC invocations=9 (full 0):
 garbage-first heap   total 262144K, used 38185K [0x00000000e0000000, 0x0000000100000000)
  region size 1024K, 9 young (9216K), 9 survivors (9216K)
 Metaspace       used 40355K, committed 41600K, reserved 393216K
  class space    used 5764K, committed 6336K, reserved 327680K
}
Event: 9.063 GC heap before
{Heap before GC invocations=9 (full 0):
 garbage-first heap   total 262144K, used 185641K [0x00000000e0000000, 0x0000000100000000)
  region size 1024K, 153 young (156672K), 9 survivors (9216K)
 Metaspace       used 46378K, committed 47808K, reserved 393216K
  class space    used 6511K, committed 7232K, reserved 327680K
}
Event: 9.080 GC heap after
{Heap after GC invocations=10 (full 0):
 garbage-first heap   total 262144K, used 44901K [0x00000000e0000000, 0x0000000100000000)
  region size 1024K, 16 young (16384K), 16 survivors (16384K)
 Metaspace       used 46378K, committed 47808K, reserved 393216K
  class space    used 6511K, committed 7232K, reserved 327680K
}
Event: 11.167 GC heap before
{Heap before GC invocations=10 (full 0):
 garbage-first heap   total 262144K, used 164709K [0x00000000e0000000, 0x0000000100000000)
  region size 1024K, 132 young (135168K), 16 survivors (16384K)
 Metaspace       used 58914K, committed 60736K, reserved 393216K
  class space    used 8438K, committed 9280K, reserved 327680K
}
Event: 11.189 GC heap after
{Heap after GC invocations=11 (full 0):
 garbage-first heap   total 262144K, used 51712K [0x00000000e0000000, 0x0000000100000000)
  region size 1024K, 16 young (16384K), 16 survivors (16384K)
 Metaspace       used 58914K, committed 60736K, reserved 393216K
  class space    used 8438K, committed 9280K, reserved 327680K
}

